<?xml version="1.0" encoding="UTF-8"?>
<!-- Generated by org.testng.reporters.JUnitXMLReporter -->
<testsuite ignored="0" hostname="LAPTOP-C559SQQL" failures="0" tests="6" name="Test" time="11.452" errors="0" timestamp="2024-12-24T10:53:49 IST">
  <testcase classname="cloudFront.tests.TipTopTests" name="testDisabledInput" time="0.073"/>
  <testcase classname="cloudFront.tests.TipTopTests" name="testReadonlyInput" time="0.065"/>
  <testcase classname="cloudFront.tests.TipTopTests" name="testDropdownOptionsCount" time="0.039"/>
  <testcase classname="cloudFront.tests.TipTopTests" name="testSubmitButtonDisabled" time="0.004"/>
  <testcase classname="cloudFront.tests.TipTopTests" name="testSubmitButtonEnabled" time="0.243"/>
  <testcase classname="cloudFront.tests.TipTopTests" name="testSubmitButtonFunctionality" time="0.559"/>
</testsuite> <!-- Test -->
