<?xml version="1.0" encoding="UTF-8"?>
<testng-results ignored="0" total="6" passed="6" failed="0" skipped="0">
  <reporter-output>
  </reporter-output>
  <suite started-at="2024-12-24T10:53:37 IST" name="Suite" finished-at="2024-12-24T10:53:48 IST" duration-ms="11452">
    <groups>
    </groups>
    <test started-at="2024-12-24T10:53:37 IST" name="Test" finished-at="2024-12-24T10:53:48 IST" duration-ms="11452">
      <class name="cloudFront.tests.TipTopTests">
        <test-method is-config="true" signature="setUp()[pri:0, instance:cloudFront.tests.TipTopTests@767e20cf]" started-at="2024-12-24T10:53:37 IST" name="setUp" finished-at="2024-12-24T10:53:45 IST" duration-ms="8382" status="PASS">
          <reporter-output>
          </reporter-output>
        </test-method> <!-- setUp -->
        <test-method signature="testDisabledInput()[pri:1, instance:cloudFront.tests.TipTopTests@767e20cf]" started-at="2024-12-24T10:53:45 IST" name="testDisabledInput" description="Verify the disabled input field is actually disabled" finished-at="2024-12-24T10:53:45 IST" duration-ms="73" status="PASS">
          <reporter-output>
          </reporter-output>
        </test-method> <!-- testDisabledInput -->
        <test-method signature="testReadonlyInput()[pri:2, instance:cloudFront.tests.TipTopTests@767e20cf]" started-at="2024-12-24T10:53:45 IST" name="testReadonlyInput" description="Verify the readonly input field is actually readonly" finished-at="2024-12-24T10:53:45 IST" duration-ms="65" status="PASS">
          <reporter-output>
          </reporter-output>
        </test-method> <!-- testReadonlyInput -->
        <test-method signature="testDropdownOptionsCount()[pri:3, instance:cloudFront.tests.TipTopTests@767e20cf]" started-at="2024-12-24T10:53:45 IST" name="testDropdownOptionsCount" description="Verify the dropdown contains 8 options" finished-at="2024-12-24T10:53:45 IST" duration-ms="39" status="PASS">
          <reporter-output>
          </reporter-output>
        </test-method> <!-- testDropdownOptionsCount -->
        <test-method signature="testSubmitButtonDisabled()[pri:4, instance:cloudFront.tests.TipTopTests@767e20cf]" started-at="2024-12-24T10:53:45 IST" name="testSubmitButtonDisabled" description="Verify the submit button is disabled without input data" finished-at="2024-12-24T10:53:45 IST" duration-ms="4" status="PASS">
          <reporter-output>
          </reporter-output>
        </test-method> <!-- testSubmitButtonDisabled -->
        <test-method signature="testSubmitButtonEnabled()[pri:5, instance:cloudFront.tests.TipTopTests@767e20cf]" started-at="2024-12-24T10:53:45 IST" name="testSubmitButtonEnabled" description="Verify the submit button is enabled after entering valid data" finished-at="2024-12-24T10:53:45 IST" duration-ms="243" status="PASS">
          <reporter-output>
          </reporter-output>
        </test-method> <!-- testSubmitButtonEnabled -->
        <test-method signature="testSubmitButtonFunctionality()[pri:6, instance:cloudFront.tests.TipTopTests@767e20cf]" started-at="2024-12-24T10:53:45 IST" name="testSubmitButtonFunctionality" description="Verify clicking the submit button displays the &#039;Received&#039; message" finished-at="2024-12-24T10:53:46 IST" duration-ms="559" status="PASS">
          <reporter-output>
          </reporter-output>
        </test-method> <!-- testSubmitButtonFunctionality -->
        <test-method is-config="true" signature="tearDown()[pri:0, instance:cloudFront.tests.TipTopTests@767e20cf]" started-at="2024-12-24T10:53:46 IST" name="tearDown" finished-at="2024-12-24T10:53:48 IST" duration-ms="2023" status="PASS">
          <reporter-output>
          </reporter-output>
        </test-method> <!-- tearDown -->
      </class> <!-- cloudFront.tests.TipTopTests -->
    </test> <!-- Test -->
  </suite> <!-- Suite -->
</testng-results>
